{"D:\\Sergio\\repositorios\\nodegroup2\\ProyectoConTesting\\src\\app.ts": {"path":"D:\\Sergio\\repositorios\\nodegroup2\\ProyectoConTesting\\src\\app.ts","statementMap":{"0":{"start":{"line":1,"column":0},"end":{"line":1,"column":66}},"1":{"start":{"line":2,"column":0},"end":{"line":2,"column":63}},"2":{"start":{"line":3,"column":0},"end":{"line":3,"column":54}},"3":{"start":{"line":4,"column":0},"end":{"line":4,"column":65}},"4":{"start":{"line":5,"column":0},"end":{"line":5,"column":64}},"5":{"start":{"line":6,"column":0},"end":{"line":6,"column":66}},"6":{"start":{"line":7,"column":0},"end":{"line":7,"column":69}},"7":{"start":{"line":9,"column":25},"end":{"line":9,"column":34}},"8":{"start":{"line":11,"column":0},"end":{"line":11,"column":24}},"9":{"start":{"line":12,"column":0},"end":{"line":12,"column":48}},"10":{"start":{"line":14,"column":0},"end":{"line":16,"column":3}},"11":{"start":{"line":15,"column":2},"end":{"line":15,"column":21}},"12":{"start":{"line":18,"column":0},"end":{"line":22,"column":3}},"13":{"start":{"line":24,"column":0},"end":{"line":24,"column":19}}},"fnMap":{"0":{"name":"(anonymous_1)","decl":{"start":{"line":14,"column":13},"end":{"line":14,"column":14}},"loc":{"start":{"line":14,"column":45},"end":{"line":16,"column":1}}}},"branchMap":{},"s":{"0":1,"1":1,"2":1,"3":1,"4":1,"5":1,"6":1,"7":1,"8":1,"9":1,"10":1,"11":0,"12":1,"13":1},"f":{"0":0},"b":{}}
,"D:\\Sergio\\repositorios\\nodegroup2\\ProyectoConTesting\\src\\server.ts": {"path":"D:\\Sergio\\repositorios\\nodegroup2\\ProyectoConTesting\\src\\server.ts","statementMap":{"0":{"start":{"line":1,"column":0},"end":{"line":1,"column":58}},"1":{"start":{"line":2,"column":0},"end":{"line":2,"column":54}},"2":{"start":{"line":3,"column":0},"end":{"line":3,"column":62}},"3":{"start":{"line":5,"column":0},"end":{"line":5,"column":24}},"4":{"start":{"line":7,"column":0},"end":{"line":7,"column":26}},"5":{"start":{"line":8,"column":0},"end":{"line":8,"column":52}},"6":{"start":{"line":10,"column":14},"end":{"line":24,"column":2}},"7":{"start":{"line":10,"column":25},"end":{"line":24,"column":2}},"8":{"start":{"line":11,"column":39},"end":{"line":11,"column":61}},"9":{"start":{"line":12,"column":43},"end":{"line":12,"column":64}},"10":{"start":{"line":13,"column":37},"end":{"line":13,"column":55}},"11":{"start":{"line":15,"column":2},"end":{"line":23,"column":null}},"12":{"start":{"line":16,"column":4},"end":{"line":16,"column":37}},"13":{"start":{"line":17,"column":4},"end":{"line":17,"column":39}},"14":{"start":{"line":18,"column":4},"end":{"line":18,"column":36}},"15":{"start":{"line":20,"column":4},"end":{"line":20,"column":42}},"16":{"start":{"line":21,"column":4},"end":{"line":21,"column":38}},"17":{"start":{"line":22,"column":4},"end":{"line":22,"column":20}},"18":{"start":{"line":26,"column":0},"end":{"line":26,"column":8}}},"fnMap":{"0":{"name":"(anonymous_8)","decl":{"start":{"line":10,"column":14},"end":{"line":10,"column":23}},"loc":{"start":{"line":10,"column":25},"end":{"line":24,"column":2}}},"1":{"name":"(anonymous_9)","decl":{"start":{"line":10,"column":25},"end":{"line":10,"column":null}},"loc":{"start":{"line":10,"column":25},"end":{"line":24,"column":1}}}},"branchMap":{},"s":{"0":0,"1":0,"2":0,"3":0,"4":0,"5":0,"6":0,"7":0,"8":0,"9":0,"10":0,"11":0,"12":0,"13":0,"14":0,"15":0,"16":0,"17":0,"18":0},"f":{"0":0,"1":0},"b":{}}
,"D:\\Sergio\\repositorios\\nodegroup2\\ProyectoConTesting\\src\\controllers\\default.controller.ts": {"path":"D:\\Sergio\\repositorios\\nodegroup2\\ProyectoConTesting\\src\\controllers\\default.controller.ts","statementMap":{"0":{"start":{"line":1,"column":0},"end":{"line":1,"column":55}},"1":{"start":{"line":2,"column":0},"end":{"line":2,"column":64}},"2":{"start":{"line":3,"column":0},"end":{"line":3,"column":50}},"3":{"start":{"line":7,"column":0},"end":{"line":13,"column":null}},"4":{"start":{"line":10,"column":4},"end":{"line":10,"column":23}},"5":{"start":{"line":11,"column":4},"end":{"line":11,"column":49}},"6":{"start":{"line":9,"column":2},"end":{"line":12,"column":null}},"7":{"start":{"line":7,"column":13},"end":{"line":13,"column":null}},"8":{"start":{"line":13,"column":0},"end":{"line":13,"column":null}},"9":{"start":{"line":7,"column":13},"end":{"line":7,"column":30}}},"fnMap":{"0":{"name":"(anonymous_9)","decl":{"start":{"line":7,"column":0},"end":{"line":7,"column":13}},"loc":{"start":{"line":7,"column":0},"end":{"line":13,"column":null}}},"1":{"name":"(anonymous_10)","decl":{"start":{"line":9,"column":8},"end":{"line":9,"column":23}},"loc":{"start":{"line":9,"column":51},"end":{"line":12,"column":null}}}},"branchMap":{},"s":{"0":1,"1":1,"2":1,"3":2,"4":0,"5":0,"6":1,"7":1,"8":1,"9":1},"f":{"0":1,"1":0},"b":{}}
,"D:\\Sergio\\repositorios\\nodegroup2\\ProyectoConTesting\\src\\controllers\\photo.controller.ts": {"path":"D:\\Sergio\\repositorios\\nodegroup2\\ProyectoConTesting\\src\\controllers\\photo.controller.ts","statementMap":{"0":{"start":{"line":1,"column":0},"end":{"line":1,"column":64}},"1":{"start":{"line":2,"column":0},"end":{"line":2,"column":50}},"2":{"start":{"line":4,"column":0},"end":{"line":4,"column":67}},"3":{"start":{"line":5,"column":0},"end":{"line":5,"column":52}},"4":{"start":{"line":6,"column":0},"end":{"line":6,"column":56}},"5":{"start":{"line":7,"column":0},"end":{"line":7,"column":50}},"6":{"start":{"line":10,"column":0},"end":{"line":46,"column":null}},"7":{"start":{"line":14,"column":4},"end":{"line":14,"column":43}},"8":{"start":{"line":16,"column":4},"end":{"line":16,"column":37}},"9":{"start":{"line":21,"column":19},"end":{"line":21,"column":66}},"10":{"start":{"line":23,"column":4},"end":{"line":23,"column":21}},"11":{"start":{"line":28,"column":18},"end":{"line":28,"column":77}},"12":{"start":{"line":30,"column":4},"end":{"line":30,"column":20}},"13":{"start":{"line":35,"column":18},"end":{"line":35,"column":67}},"14":{"start":{"line":37,"column":4},"end":{"line":37,"column":20}},"15":{"start":{"line":42,"column":18},"end":{"line":42,"column":77}},"16":{"start":{"line":44,"column":4},"end":{"line":44,"column":20}},"17":{"start":{"line":20,"column":2},"end":{"line":24,"column":null}},"18":{"start":{"line":27,"column":2},"end":{"line":31,"column":null}},"19":{"start":{"line":34,"column":2},"end":{"line":38,"column":null}},"20":{"start":{"line":41,"column":2},"end":{"line":45,"column":null}},"21":{"start":{"line":10,"column":13},"end":{"line":46,"column":null}},"22":{"start":{"line":46,"column":0},"end":{"line":46,"column":null}},"23":{"start":{"line":10,"column":13},"end":{"line":10,"column":28}}},"fnMap":{"0":{"name":"(anonymous_9)","decl":{"start":{"line":10,"column":0},"end":{"line":10,"column":13}},"loc":{"start":{"line":10,"column":0},"end":{"line":46,"column":null}}},"1":{"name":"(anonymous_10)","decl":{"start":{"line":13,"column":2},"end":{"line":13,"column":14}},"loc":{"start":{"line":13,"column":46},"end":{"line":17,"column":3}}},"2":{"name":"(anonymous_11)","decl":{"start":{"line":20,"column":8},"end":{"line":20,"column":12}},"loc":{"start":{"line":20,"column":40},"end":{"line":24,"column":null}}},"3":{"name":"(anonymous_13)","decl":{"start":{"line":27,"column":8},"end":{"line":27,"column":14}},"loc":{"start":{"line":27,"column":42},"end":{"line":31,"column":null}}},"4":{"name":"(anonymous_15)","decl":{"start":{"line":34,"column":8},"end":{"line":34,"column":14}},"loc":{"start":{"line":34,"column":42},"end":{"line":38,"column":null}}},"5":{"name":"(anonymous_17)","decl":{"start":{"line":41,"column":8},"end":{"line":41,"column":14}},"loc":{"start":{"line":41,"column":42},"end":{"line":45,"column":null}}}},"branchMap":{},"s":{"0":1,"1":1,"2":1,"3":1,"4":1,"5":1,"6":2,"7":1,"8":1,"9":0,"10":0,"11":0,"12":0,"13":0,"14":0,"15":0,"16":0,"17":1,"18":1,"19":1,"20":1,"21":1,"22":1,"23":1},"f":{"0":1,"1":1,"2":0,"3":0,"4":0,"5":0},"b":{}}
,"D:\\Sergio\\repositorios\\nodegroup2\\ProyectoConTesting\\src\\controllers\\user.controller.ts": {"path":"D:\\Sergio\\repositorios\\nodegroup2\\ProyectoConTesting\\src\\controllers\\user.controller.ts","statementMap":{"0":{"start":{"line":1,"column":0},"end":{"line":1,"column":64}},"1":{"start":{"line":3,"column":0},"end":{"line":3,"column":50}},"2":{"start":{"line":4,"column":0},"end":{"line":4,"column":65}},"3":{"start":{"line":5,"column":0},"end":{"line":5,"column":52}},"4":{"start":{"line":6,"column":0},"end":{"line":6,"column":50}},"5":{"start":{"line":7,"column":0},"end":{"line":7,"column":56}},"6":{"start":{"line":10,"column":0},"end":{"line":50,"column":null}},"7":{"start":{"line":14,"column":4},"end":{"line":14,"column":41}},"8":{"start":{"line":15,"column":4},"end":{"line":15,"column":37}},"9":{"start":{"line":16,"column":4},"end":{"line":16,"column":41}},"10":{"start":{"line":21,"column":18},"end":{"line":21,"column":50}},"11":{"start":{"line":22,"column":4},"end":{"line":22,"column":20}},"12":{"start":{"line":27,"column":17},"end":{"line":27,"column":25}},"13":{"start":{"line":28,"column":25},"end":{"line":28,"column":63}},"14":{"start":{"line":29,"column":4},"end":{"line":29,"column":27}},"15":{"start":{"line":34,"column":17},"end":{"line":34,"column":25}},"16":{"start":{"line":35,"column":15},"end":{"line":35,"column":29}},"17":{"start":{"line":37,"column":24},"end":{"line":37,"column":66}},"18":{"start":{"line":39,"column":4},"end":{"line":39,"column":26}},"19":{"start":{"line":44,"column":15},"end":{"line":44,"column":29}},"20":{"start":{"line":46,"column":24},"end":{"line":46,"column":60}},"21":{"start":{"line":48,"column":4},"end":{"line":48,"column":26}},"22":{"start":{"line":20,"column":2},"end":{"line":23,"column":null}},"23":{"start":{"line":26,"column":2},"end":{"line":30,"column":null}},"24":{"start":{"line":33,"column":2},"end":{"line":40,"column":null}},"25":{"start":{"line":43,"column":2},"end":{"line":49,"column":null}},"26":{"start":{"line":10,"column":13},"end":{"line":50,"column":null}},"27":{"start":{"line":50,"column":0},"end":{"line":50,"column":null}},"28":{"start":{"line":10,"column":13},"end":{"line":10,"column":27}}},"fnMap":{"0":{"name":"(anonymous_9)","decl":{"start":{"line":10,"column":0},"end":{"line":10,"column":13}},"loc":{"start":{"line":10,"column":0},"end":{"line":50,"column":null}}},"1":{"name":"(anonymous_10)","decl":{"start":{"line":13,"column":2},"end":{"line":13,"column":14}},"loc":{"start":{"line":13,"column":44},"end":{"line":17,"column":3}}},"2":{"name":"(anonymous_11)","decl":{"start":{"line":20,"column":8},"end":{"line":20,"column":12}},"loc":{"start":{"line":20,"column":40},"end":{"line":23,"column":null}}},"3":{"name":"(anonymous_13)","decl":{"start":{"line":26,"column":8},"end":{"line":26,"column":14}},"loc":{"start":{"line":26,"column":42},"end":{"line":30,"column":null}}},"4":{"name":"(anonymous_15)","decl":{"start":{"line":33,"column":8},"end":{"line":33,"column":14}},"loc":{"start":{"line":33,"column":42},"end":{"line":40,"column":null}}},"5":{"name":"(anonymous_17)","decl":{"start":{"line":43,"column":8},"end":{"line":43,"column":14}},"loc":{"start":{"line":43,"column":42},"end":{"line":49,"column":null}}}},"branchMap":{},"s":{"0":2,"1":2,"2":2,"3":2,"4":2,"5":2,"6":4,"7":3,"8":3,"9":3,"10":2,"11":2,"12":3,"13":3,"14":3,"15":1,"16":1,"17":1,"18":1,"19":1,"20":1,"21":1,"22":2,"23":2,"24":2,"25":2,"26":2,"27":2,"28":2},"f":{"0":2,"1":3,"2":2,"3":3,"4":1,"5":1},"b":{}}
,"D:\\Sergio\\repositorios\\nodegroup2\\ProyectoConTesting\\src\\decorators\\controller.decorator.ts": {"path":"D:\\Sergio\\repositorios\\nodegroup2\\ProyectoConTesting\\src\\decorators\\controller.decorator.ts","statementMap":{"0":{"start":{"line":1,"column":13},"end":{"line":10,"column":2}},"1":{"start":{"line":2,"column":2},"end":{"line":9,"column":4}},"2":{"start":{"line":3,"column":4},"end":{"line":3,"column":53}},"3":{"start":{"line":5,"column":18},"end":{"line":5,"column":55}},"4":{"start":{"line":6,"column":4},"end":{"line":8,"column":null}},"5":{"start":{"line":7,"column":6},"end":{"line":7,"column":51}}},"fnMap":{"0":{"name":"(anonymous_0)","decl":{"start":{"line":1,"column":26},"end":{"line":1,"column":27}},"loc":{"start":{"line":1,"column":58},"end":{"line":10,"column":1}}},"1":{"name":"(anonymous_1)","decl":{"start":{"line":2,"column":9},"end":{"line":2,"column":10}},"loc":{"start":{"line":2,"column":25},"end":{"line":9,"column":3}}}},"branchMap":{"0":{"loc":{"start":{"line":1,"column":36},"end":{"line":1,"column":38}},"type":"default-arg","locations":[{"start":{"line":1,"column":36},"end":{"line":1,"column":38}}]},"1":{"loc":{"start":{"line":6,"column":4},"end":{"line":8,"column":null}},"type":"if","locations":[{"start":{"line":6,"column":4},"end":{"line":8,"column":null}},{"start":{"line":6,"column":4},"end":{"line":8,"column":null}}]}},"s":{"0":2,"1":4,"2":4,"3":4,"4":4,"5":0},"f":{"0":4,"1":4},"b":{"0":[0],"1":[0,4]}}
,"D:\\Sergio\\repositorios\\nodegroup2\\ProyectoConTesting\\src\\decorators\\delete.decorator.ts": {"path":"D:\\Sergio\\repositorios\\nodegroup2\\ProyectoConTesting\\src\\decorators\\delete.decorator.ts","statementMap":{"0":{"start":{"line":3,"column":13},"end":{"line":22,"column":2}},"1":{"start":{"line":4,"column":2},"end":{"line":21,"column":4}},"2":{"start":{"line":5,"column":18},"end":{"line":5,"column":67}},"3":{"start":{"line":6,"column":4},"end":{"line":8,"column":null}},"4":{"start":{"line":7,"column":6},"end":{"line":7,"column":63}},"5":{"start":{"line":10,"column":19},"end":{"line":10,"column":null}},"6":{"start":{"line":14,"column":4},"end":{"line":18,"column":7}},"7":{"start":{"line":20,"column":4},"end":{"line":20,"column":65}}},"fnMap":{"0":{"name":"(anonymous_0)","decl":{"start":{"line":3,"column":22},"end":{"line":3,"column":23}},"loc":{"start":{"line":3,"column":56},"end":{"line":22,"column":1}}},"1":{"name":"(anonymous_1)","decl":{"start":{"line":4,"column":9},"end":{"line":4,"column":10}},"loc":{"start":{"line":4,"column":41},"end":{"line":21,"column":3}}}},"branchMap":{"0":{"loc":{"start":{"line":6,"column":4},"end":{"line":8,"column":null}},"type":"if","locations":[{"start":{"line":6,"column":4},"end":{"line":8,"column":null}},{"start":{"line":6,"column":4},"end":{"line":8,"column":null}}]}},"s":{"0":2,"1":3,"2":3,"3":3,"4":0,"5":3,"6":3,"7":3},"f":{"0":3,"1":3},"b":{"0":[0,3]}}
,"D:\\Sergio\\repositorios\\nodegroup2\\ProyectoConTesting\\src\\decorators\\get.decorator.ts": {"path":"D:\\Sergio\\repositorios\\nodegroup2\\ProyectoConTesting\\src\\decorators\\get.decorator.ts","statementMap":{"0":{"start":{"line":3,"column":13},"end":{"line":22,"column":2}},"1":{"start":{"line":4,"column":2},"end":{"line":21,"column":4}},"2":{"start":{"line":5,"column":18},"end":{"line":5,"column":67}},"3":{"start":{"line":6,"column":4},"end":{"line":8,"column":null}},"4":{"start":{"line":7,"column":6},"end":{"line":7,"column":63}},"5":{"start":{"line":10,"column":19},"end":{"line":10,"column":null}},"6":{"start":{"line":14,"column":4},"end":{"line":18,"column":7}},"7":{"start":{"line":20,"column":4},"end":{"line":20,"column":65}}},"fnMap":{"0":{"name":"(anonymous_0)","decl":{"start":{"line":3,"column":19},"end":{"line":3,"column":20}},"loc":{"start":{"line":3,"column":53},"end":{"line":22,"column":1}}},"1":{"name":"(anonymous_1)","decl":{"start":{"line":4,"column":9},"end":{"line":4,"column":10}},"loc":{"start":{"line":4,"column":41},"end":{"line":21,"column":3}}}},"branchMap":{"0":{"loc":{"start":{"line":6,"column":4},"end":{"line":8,"column":null}},"type":"if","locations":[{"start":{"line":6,"column":4},"end":{"line":8,"column":null}},{"start":{"line":6,"column":4},"end":{"line":8,"column":null}}]}},"s":{"0":2,"1":4,"2":4,"3":4,"4":4,"5":4,"6":4,"7":4},"f":{"0":4,"1":4},"b":{"0":[4,0]}}
,"D:\\Sergio\\repositorios\\nodegroup2\\ProyectoConTesting\\src\\decorators\\post.decorator.ts": {"path":"D:\\Sergio\\repositorios\\nodegroup2\\ProyectoConTesting\\src\\decorators\\post.decorator.ts","statementMap":{"0":{"start":{"line":3,"column":13},"end":{"line":22,"column":2}},"1":{"start":{"line":4,"column":2},"end":{"line":21,"column":4}},"2":{"start":{"line":5,"column":18},"end":{"line":5,"column":67}},"3":{"start":{"line":6,"column":4},"end":{"line":8,"column":null}},"4":{"start":{"line":7,"column":6},"end":{"line":7,"column":63}},"5":{"start":{"line":10,"column":19},"end":{"line":10,"column":null}},"6":{"start":{"line":14,"column":4},"end":{"line":18,"column":7}},"7":{"start":{"line":20,"column":4},"end":{"line":20,"column":65}}},"fnMap":{"0":{"name":"(anonymous_0)","decl":{"start":{"line":3,"column":20},"end":{"line":3,"column":21}},"loc":{"start":{"line":3,"column":54},"end":{"line":22,"column":1}}},"1":{"name":"(anonymous_1)","decl":{"start":{"line":4,"column":9},"end":{"line":4,"column":10}},"loc":{"start":{"line":4,"column":41},"end":{"line":21,"column":3}}}},"branchMap":{"0":{"loc":{"start":{"line":6,"column":4},"end":{"line":8,"column":null}},"type":"if","locations":[{"start":{"line":6,"column":4},"end":{"line":8,"column":null}},{"start":{"line":6,"column":4},"end":{"line":8,"column":null}}]}},"s":{"0":2,"1":3,"2":3,"3":3,"4":0,"5":3,"6":3,"7":3},"f":{"0":3,"1":3},"b":{"0":[0,3]}}
,"D:\\Sergio\\repositorios\\nodegroup2\\ProyectoConTesting\\src\\decorators\\put.decorator.ts": {"path":"D:\\Sergio\\repositorios\\nodegroup2\\ProyectoConTesting\\src\\decorators\\put.decorator.ts","statementMap":{"0":{"start":{"line":3,"column":13},"end":{"line":22,"column":2}},"1":{"start":{"line":4,"column":2},"end":{"line":21,"column":4}},"2":{"start":{"line":5,"column":18},"end":{"line":5,"column":67}},"3":{"start":{"line":6,"column":4},"end":{"line":8,"column":null}},"4":{"start":{"line":7,"column":6},"end":{"line":7,"column":63}},"5":{"start":{"line":10,"column":19},"end":{"line":10,"column":null}},"6":{"start":{"line":14,"column":4},"end":{"line":18,"column":7}},"7":{"start":{"line":20,"column":4},"end":{"line":20,"column":65}}},"fnMap":{"0":{"name":"(anonymous_0)","decl":{"start":{"line":3,"column":19},"end":{"line":3,"column":20}},"loc":{"start":{"line":3,"column":53},"end":{"line":22,"column":1}}},"1":{"name":"(anonymous_1)","decl":{"start":{"line":4,"column":9},"end":{"line":4,"column":10}},"loc":{"start":{"line":4,"column":41},"end":{"line":21,"column":3}}}},"branchMap":{"0":{"loc":{"start":{"line":6,"column":4},"end":{"line":8,"column":null}},"type":"if","locations":[{"start":{"line":6,"column":4},"end":{"line":8,"column":null}},{"start":{"line":6,"column":4},"end":{"line":8,"column":null}}]}},"s":{"0":2,"1":3,"2":3,"3":3,"4":0,"5":3,"6":3,"7":3},"f":{"0":3,"1":3},"b":{"0":[0,3]}}
,"D:\\Sergio\\repositorios\\nodegroup2\\ProyectoConTesting\\src\\repositories\\photo.repository.ts": {"path":"D:\\Sergio\\repositorios\\nodegroup2\\ProyectoConTesting\\src\\repositories\\photo.repository.ts","statementMap":{"0":{"start":{"line":1,"column":0},"end":{"line":1,"column":52}},"1":{"start":{"line":2,"column":0},"end":{"line":2,"column":62}},"2":{"start":{"line":6,"column":29},"end":{"line":6,"column":51}},"3":{"start":{"line":7,"column":19},"end":{"line":7,"column":64}},"4":{"start":{"line":9,"column":4},"end":{"line":9,"column":18}},"5":{"start":{"line":13,"column":28},"end":{"line":13,"column":50}},"6":{"start":{"line":14,"column":51},"end":{"line":14,"column":72}},"7":{"start":{"line":16,"column":26},"end":{"line":16,"column":43}},"8":{"start":{"line":17,"column":4},"end":{"line":17,"column":38}},"9":{"start":{"line":18,"column":4},"end":{"line":18,"column":36}},"10":{"start":{"line":19,"column":4},"end":{"line":19,"column":62}},"11":{"start":{"line":21,"column":19},"end":{"line":21,"column":60}},"12":{"start":{"line":23,"column":4},"end":{"line":23,"column":18}},"13":{"start":{"line":27,"column":23},"end":{"line":27,"column":45}},"14":{"start":{"line":28,"column":18},"end":{"line":28,"column":46}},"15":{"start":{"line":30,"column":4},"end":{"line":30,"column":35}},"16":{"start":{"line":32,"column":4},"end":{"line":32,"column":17}},"17":{"start":{"line":36,"column":4},"end":{"line":36,"column":23}},"18":{"start":{"line":37,"column":23},"end":{"line":37,"column":45}},"19":{"start":{"line":38,"column":30},"end":{"line":38,"column":58}},"20":{"start":{"line":40,"column":4},"end":{"line":40,"column":37}},"21":{"start":{"line":41,"column":4},"end":{"line":41,"column":35}},"22":{"start":{"line":43,"column":4},"end":{"line":43,"column":40}},"23":{"start":{"line":45,"column":4},"end":{"line":45,"column":24}},"24":{"start":{"line":4,"column":0},"end":{"line":4,"column":13}}},"fnMap":{"0":{"name":"(anonymous_7)","decl":{"start":{"line":5,"column":8},"end":{"line":5,"column":12}},"loc":{"start":{"line":5,"column":27},"end":{"line":10,"column":null}}},"1":{"name":"(anonymous_9)","decl":{"start":{"line":12,"column":8},"end":{"line":12,"column":14}},"loc":{"start":{"line":12,"column":43},"end":{"line":24,"column":null}}},"2":{"name":"(anonymous_11)","decl":{"start":{"line":26,"column":8},"end":{"line":26,"column":14}},"loc":{"start":{"line":26,"column":25},"end":{"line":33,"column":null}}},"3":{"name":"(anonymous_13)","decl":{"start":{"line":35,"column":8},"end":{"line":35,"column":14}},"loc":{"start":{"line":35,"column":39},"end":{"line":46,"column":null}}}},"branchMap":{},"s":{"0":1,"1":1,"2":0,"3":0,"4":0,"5":0,"6":0,"7":0,"8":0,"9":0,"10":0,"11":0,"12":0,"13":0,"14":0,"15":0,"16":0,"17":0,"18":0,"19":0,"20":0,"21":0,"22":0,"23":0,"24":1},"f":{"0":0,"1":0,"2":0,"3":0},"b":{}}
,"D:\\Sergio\\repositorios\\nodegroup2\\ProyectoConTesting\\src\\repositories\\user.repository.ts": {"path":"D:\\Sergio\\repositorios\\nodegroup2\\ProyectoConTesting\\src\\repositories\\user.repository.ts","statementMap":{"0":{"start":{"line":1,"column":0},"end":{"line":1,"column":52}},"1":{"start":{"line":3,"column":0},"end":{"line":3,"column":63}},"2":{"start":{"line":7,"column":23},"end":{"line":7,"column":50}},"3":{"start":{"line":8,"column":4},"end":{"line":10,"column":null}},"4":{"start":{"line":9,"column":6},"end":{"line":9,"column":36}},"5":{"start":{"line":12,"column":23},"end":{"line":12,"column":44}},"6":{"start":{"line":13,"column":18},"end":{"line":13,"column":66}},"7":{"start":{"line":15,"column":4},"end":{"line":15,"column":49}},"8":{"start":{"line":17,"column":4},"end":{"line":17,"column":17}},"9":{"start":{"line":21,"column":23},"end":{"line":21,"column":44}},"10":{"start":{"line":22,"column":25},"end":{"line":22,"column":52}},"11":{"start":{"line":24,"column":4},"end":{"line":24,"column":24}},"12":{"start":{"line":28,"column":41},"end":{"line":28,"column":62}},"13":{"start":{"line":29,"column":24},"end":{"line":29,"column":52}},"14":{"start":{"line":31,"column":4},"end":{"line":31,"column":43}},"15":{"start":{"line":32,"column":4},"end":{"line":32,"column":41}},"16":{"start":{"line":33,"column":4},"end":{"line":33,"column":35}},"17":{"start":{"line":35,"column":4},"end":{"line":35,"column":39}},"18":{"start":{"line":37,"column":4},"end":{"line":37,"column":23}},"19":{"start":{"line":41,"column":41},"end":{"line":41,"column":62}},"20":{"start":{"line":42,"column":24},"end":{"line":42,"column":52}},"21":{"start":{"line":44,"column":4},"end":{"line":44,"column":41}},"22":{"start":{"line":46,"column":4},"end":{"line":46,"column":23}},"23":{"start":{"line":5,"column":0},"end":{"line":5,"column":13}}},"fnMap":{"0":{"name":"(anonymous_7)","decl":{"start":{"line":6,"column":8},"end":{"line":6,"column":12}},"loc":{"start":{"line":6,"column":12},"end":{"line":18,"column":null}}},"1":{"name":"(anonymous_9)","decl":{"start":{"line":20,"column":8},"end":{"line":20,"column":14}},"loc":{"start":{"line":20,"column":25},"end":{"line":25,"column":null}}},"2":{"name":"(anonymous_11)","decl":{"start":{"line":27,"column":8},"end":{"line":27,"column":14}},"loc":{"start":{"line":27,"column":37},"end":{"line":38,"column":null}}},"3":{"name":"(anonymous_13)","decl":{"start":{"line":40,"column":8},"end":{"line":40,"column":14}},"loc":{"start":{"line":40,"column":25},"end":{"line":47,"column":null}}}},"branchMap":{"0":{"loc":{"start":{"line":8,"column":4},"end":{"line":10,"column":null}},"type":"if","locations":[{"start":{"line":8,"column":4},"end":{"line":10,"column":null}},{"start":{"line":8,"column":4},"end":{"line":10,"column":null}}]}},"s":{"0":3,"1":3,"2":3,"3":3,"4":2,"5":1,"6":1,"7":1,"8":1,"9":3,"10":3,"11":3,"12":2,"13":2,"14":2,"15":2,"16":2,"17":2,"18":2,"19":2,"20":2,"21":2,"22":2,"23":3},"f":{"0":3,"1":3,"2":2,"3":2},"b":{"0":[2,1]}}
,"D:\\Sergio\\repositorios\\nodegroup2\\ProyectoConTesting\\src\\services\\database.service.ts": {"path":"D:\\Sergio\\repositorios\\nodegroup2\\ProyectoConTesting\\src\\services\\database.service.ts","statementMap":{"0":{"start":{"line":1,"column":0},"end":{"line":1,"column":24}},"1":{"start":{"line":2,"column":0},"end":{"line":2,"column":55}},"2":{"start":{"line":3,"column":0},"end":{"line":3,"column":55}},"3":{"start":{"line":5,"column":12},"end":{"line":5,"column":18}},"4":{"start":{"line":11,"column":30},"end":{"line":33,"column":6}},"5":{"start":{"line":12,"column":35},"end":{"line":21,"column":8}},"6":{"start":{"line":23,"column":6},"end":{"line":32,"column":11}},"7":{"start":{"line":25,"column":10},"end":{"line":25,"column":50}},"8":{"start":{"line":26,"column":10},"end":{"line":26,"column":35}},"9":{"start":{"line":27,"column":10},"end":{"line":27,"column":20}},"10":{"start":{"line":30,"column":10},"end":{"line":30,"column":63}},"11":{"start":{"line":31,"column":10},"end":{"line":31,"column":24}},"12":{"start":{"line":35,"column":4},"end":{"line":35,"column":28}},"13":{"start":{"line":39,"column":4},"end":{"line":41,"column":null}},"14":{"start":{"line":40,"column":6},"end":{"line":40,"column":26}},"15":{"start":{"line":7,"column":0},"end":{"line":7,"column":13}}},"fnMap":{"0":{"name":"(anonymous_8)","decl":{"start":{"line":10,"column":8},"end":{"line":10,"column":18}},"loc":{"start":{"line":10,"column":18},"end":{"line":36,"column":null}}},"1":{"name":"(anonymous_10)","decl":{"start":{"line":11,"column":42},"end":{"line":11,"column":43}},"loc":{"start":{"line":11,"column":62},"end":{"line":33,"column":5}}},"2":{"name":"(anonymous_11)","decl":{"start":{"line":24,"column":14},"end":{"line":24,"column":15}},"loc":{"start":{"line":24,"column":29},"end":{"line":28,"column":9}}},"3":{"name":"(anonymous_12)","decl":{"start":{"line":29,"column":15},"end":{"line":29,"column":16}},"loc":{"start":{"line":29,"column":25},"end":{"line":32,"column":9}}},"4":{"name":"(anonymous_13)","decl":{"start":{"line":38,"column":2},"end":{"line":38,"column":17}},"loc":{"start":{"line":38,"column":17},"end":{"line":42,"column":3}}}},"branchMap":{"0":{"loc":{"start":{"line":39,"column":4},"end":{"line":41,"column":null}},"type":"if","locations":[{"start":{"line":39,"column":4},"end":{"line":41,"column":null}},{"start":{"line":39,"column":4},"end":{"line":41,"column":null}}]}},"s":{"0":1,"1":1,"2":1,"3":1,"4":1,"5":1,"6":1,"7":1,"8":1,"9":1,"10":0,"11":0,"12":1,"13":1,"14":1,"15":1},"f":{"0":1,"1":1,"2":1,"3":0,"4":1},"b":{"0":[1,0]}}
,"D:\\Sergio\\repositorios\\nodegroup2\\ProyectoConTesting\\src\\services\\redis.service.ts": {"path":"D:\\Sergio\\repositorios\\nodegroup2\\ProyectoConTesting\\src\\services\\redis.service.ts","statementMap":{"0":{"start":{"line":1,"column":0},"end":{"line":1,"column":30}},"1":{"start":{"line":2,"column":0},"end":{"line":2,"column":55}},"2":{"start":{"line":6,"column":22},"end":{"line":8,"column":1}},"3":{"start":{"line":7,"column":2},"end":{"line":7,"column":26}},"4":{"start":{"line":30,"column":9},"end":{"line":30,"column":22}},"5":{"start":{"line":10,"column":19},"end":{"line":19,"column":2}},"6":{"start":{"line":10,"column":30},"end":{"line":19,"column":2}},"7":{"start":{"line":11,"column":15},"end":{"line":11,"column":51}},"8":{"start":{"line":12,"column":19},"end":{"line":12,"column":46}},"9":{"start":{"line":14,"column":2},"end":{"line":16,"column":5}},"10":{"start":{"line":15,"column":4},"end":{"line":15,"column":22}},"11":{"start":{"line":18,"column":2},"end":{"line":18,"column":25}},"12":{"start":{"line":30,"column":24},"end":{"line":30,"column":34}},"13":{"start":{"line":21,"column":17},"end":{"line":23,"column":2}},"14":{"start":{"line":21,"column":39},"end":{"line":23,"column":2}},"15":{"start":{"line":22,"column":2},"end":{"line":22,"column":41}},"16":{"start":{"line":30,"column":36},"end":{"line":30,"column":44}},"17":{"start":{"line":25,"column":17},"end":{"line":28,"column":2}},"18":{"start":{"line":25,"column":51},"end":{"line":28,"column":2}},"19":{"start":{"line":26,"column":2},"end":{"line":26,"column":41}},"20":{"start":{"line":30,"column":46},"end":{"line":30,"column":54}},"21":{"start":{"line":36,"column":30},"end":{"line":59,"column":6}},"22":{"start":{"line":37,"column":6},"end":{"line":46,"column":9}},"23":{"start":{"line":42,"column":24},"end":{"line":42,"column":51}},"24":{"start":{"line":43,"column":10},"end":{"line":43,"column":23}},"25":{"start":{"line":48,"column":6},"end":{"line":56,"column":11}},"26":{"start":{"line":50,"column":10},"end":{"line":50,"column":47}},"27":{"start":{"line":51,"column":10},"end":{"line":51,"column":20}},"28":{"start":{"line":54,"column":10},"end":{"line":54,"column":71}},"29":{"start":{"line":55,"column":10},"end":{"line":55,"column":24}},"30":{"start":{"line":58,"column":6},"end":{"line":58,"column":37}},"31":{"start":{"line":61,"column":4},"end":{"line":61,"column":28}},"32":{"start":{"line":65,"column":4},"end":{"line":65,"column":29}},"33":{"start":{"line":32,"column":0},"end":{"line":32,"column":21}}},"fnMap":{"0":{"name":"(anonymous_8)","decl":{"start":{"line":6,"column":22},"end":{"line":6,"column":25}},"loc":{"start":{"line":6,"column":27},"end":{"line":8,"column":1}}},"1":{"name":"(anonymous_9)","decl":{"start":{"line":10,"column":19},"end":{"line":10,"column":28}},"loc":{"start":{"line":10,"column":30},"end":{"line":19,"column":2}}},"2":{"name":"(anonymous_10)","decl":{"start":{"line":10,"column":30},"end":{"line":10,"column":null}},"loc":{"start":{"line":10,"column":30},"end":{"line":19,"column":1}}},"3":{"name":"(anonymous_11)","decl":{"start":{"line":14,"column":15},"end":{"line":14,"column":16}},"loc":{"start":{"line":14,"column":28},"end":{"line":16,"column":3}}},"4":{"name":"(anonymous_12)","decl":{"start":{"line":21,"column":17},"end":{"line":21,"column":24}},"loc":{"start":{"line":21,"column":39},"end":{"line":23,"column":2}}},"5":{"name":"(anonymous_13)","decl":{"start":{"line":21,"column":39},"end":{"line":21,"column":null}},"loc":{"start":{"line":21,"column":39},"end":{"line":23,"column":1}}},"6":{"name":"(anonymous_14)","decl":{"start":{"line":25,"column":17},"end":{"line":25,"column":24}},"loc":{"start":{"line":25,"column":51},"end":{"line":28,"column":2}}},"7":{"name":"(anonymous_15)","decl":{"start":{"line":25,"column":51},"end":{"line":25,"column":null}},"loc":{"start":{"line":25,"column":51},"end":{"line":28,"column":1}}},"8":{"name":"(anonymous_16)","decl":{"start":{"line":35,"column":8},"end":{"line":35,"column":18}},"loc":{"start":{"line":35,"column":18},"end":{"line":62,"column":null}}},"9":{"name":"(anonymous_18)","decl":{"start":{"line":36,"column":42},"end":{"line":36,"column":43}},"loc":{"start":{"line":36,"column":62},"end":{"line":59,"column":5}}},"10":{"name":"(anonymous_19)","decl":{"start":{"line":41,"column":8},"end":{"line":41,"column":21}},"loc":{"start":{"line":41,"column":27},"end":{"line":44,"column":9}}},"11":{"name":"(anonymous_20)","decl":{"start":{"line":49,"column":23},"end":{"line":49,"column":26}},"loc":{"start":{"line":49,"column":28},"end":{"line":52,"column":9}}},"12":{"name":"(anonymous_21)","decl":{"start":{"line":53,"column":21},"end":{"line":53,"column":22}},"loc":{"start":{"line":53,"column":36},"end":{"line":56,"column":9}}},"13":{"name":"(anonymous_22)","decl":{"start":{"line":64,"column":2},"end":{"line":64,"column":12}},"loc":{"start":{"line":64,"column":12},"end":{"line":66,"column":3}}}},"branchMap":{},"s":{"0":3,"1":3,"2":3,"3":0,"4":3,"5":3,"6":0,"7":0,"8":0,"9":0,"10":0,"11":0,"12":3,"13":3,"14":1,"15":1,"16":3,"17":3,"18":0,"19":0,"20":3,"21":1,"22":1,"23":0,"24":0,"25":1,"26":1,"27":1,"28":0,"29":0,"30":1,"31":1,"32":1,"33":3},"f":{"0":0,"1":0,"2":0,"3":0,"4":1,"5":1,"6":0,"7":0,"8":1,"9":1,"10":0,"11":1,"12":0,"13":1},"b":{}}
,"D:\\Sergio\\repositorios\\nodegroup2\\ProyectoConTesting\\src\\services\\server.service.ts": {"path":"D:\\Sergio\\repositorios\\nodegroup2\\ProyectoConTesting\\src\\services\\server.service.ts","statementMap":{"0":{"start":{"line":2,"column":0},"end":{"line":2,"column":24}},"1":{"start":{"line":3,"column":0},"end":{"line":3,"column":24}},"2":{"start":{"line":4,"column":0},"end":{"line":4,"column":55}},"3":{"start":{"line":6,"column":12},"end":{"line":6,"column":18}},"4":{"start":{"line":11,"column":4},"end":{"line":11,"column":19}},"5":{"start":{"line":15,"column":30},"end":{"line":28,"column":6}},"6":{"start":{"line":16,"column":21},"end":{"line":16,"column":48}},"7":{"start":{"line":18,"column":6},"end":{"line":27,"column":11}},"8":{"start":{"line":21,"column":10},"end":{"line":21,"column":66}},"9":{"start":{"line":22,"column":10},"end":{"line":22,"column":20}},"10":{"start":{"line":25,"column":10},"end":{"line":25,"column":68}},"11":{"start":{"line":26,"column":10},"end":{"line":26,"column":24}},"12":{"start":{"line":30,"column":4},"end":{"line":30,"column":28}},"13":{"start":{"line":8,"column":0},"end":{"line":8,"column":13}}},"fnMap":{"0":{"name":"(anonymous_8)","decl":{"start":{"line":10,"column":2},"end":{"line":10,"column":14}},"loc":{"start":{"line":10,"column":30},"end":{"line":12,"column":3}}},"1":{"name":"(anonymous_9)","decl":{"start":{"line":14,"column":8},"end":{"line":14,"column":18}},"loc":{"start":{"line":14,"column":18},"end":{"line":31,"column":null}}},"2":{"name":"(anonymous_11)","decl":{"start":{"line":15,"column":42},"end":{"line":15,"column":43}},"loc":{"start":{"line":15,"column":62},"end":{"line":28,"column":5}}},"3":{"name":"(anonymous_12)","decl":{"start":{"line":20,"column":25},"end":{"line":20,"column":28}},"loc":{"start":{"line":20,"column":30},"end":{"line":23,"column":9}}},"4":{"name":"(anonymous_13)","decl":{"start":{"line":24,"column":21},"end":{"line":24,"column":22}},"loc":{"start":{"line":24,"column":31},"end":{"line":27,"column":9}}}},"branchMap":{},"s":{"0":0,"1":0,"2":0,"3":0,"4":0,"5":0,"6":0,"7":0,"8":0,"9":0,"10":0,"11":0,"12":0,"13":0},"f":{"0":0,"1":0,"2":0,"3":0,"4":0},"b":{}}
,"D:\\Sergio\\repositorios\\nodegroup2\\ProyectoConTesting\\src\\utils\\attach-routes.util.ts": {"path":"D:\\Sergio\\repositorios\\nodegroup2\\ProyectoConTesting\\src\\utils\\attach-routes.util.ts","statementMap":{"0":{"start":{"line":9,"column":21},"end":{"line":40,"column":1}},"1":{"start":{"line":13,"column":2},"end":{"line":39,"column":5}},"2":{"start":{"line":14,"column":50},"end":{"line":14,"column":52}},"3":{"start":{"line":15,"column":4},"end":{"line":18,"column":7}},"4":{"start":{"line":16,"column":23},"end":{"line":16,"column":39}},"5":{"start":{"line":17,"column":6},"end":{"line":17,"column":47}},"6":{"start":{"line":20,"column":26},"end":{"line":20,"column":76}},"7":{"start":{"line":22,"column":19},"end":{"line":22,"column":66}},"8":{"start":{"line":24,"column":38},"end":{"line":26,"column":null}},"9":{"start":{"line":30,"column":4},"end":{"line":38,"column":7}},"10":{"start":{"line":31,"column":6},"end":{"line":36,"column":8}},"11":{"start":{"line":34,"column":10},"end":{"line":34,"column":47}},"12":{"start":{"line":42,"column":0},"end":{"line":42,"column":28}}},"fnMap":{"0":{"name":"(anonymous_0)","decl":{"start":{"line":9,"column":21},"end":{"line":9,"column":null}},"loc":{"start":{"line":12,"column":4},"end":{"line":40,"column":1}}},"1":{"name":"(anonymous_1)","decl":{"start":{"line":13,"column":26},"end":{"line":13,"column":27}},"loc":{"start":{"line":13,"column":41},"end":{"line":39,"column":3}}},"2":{"name":"(anonymous_2)","decl":{"start":{"line":15,"column":36},"end":{"line":15,"column":37}},"loc":{"start":{"line":15,"column":51},"end":{"line":18,"column":5}}},"3":{"name":"(anonymous_3)","decl":{"start":{"line":30,"column":19},"end":{"line":30,"column":20}},"loc":{"start":{"line":30,"column":46},"end":{"line":38,"column":5}}},"4":{"name":"(anonymous_4)","decl":{"start":{"line":33,"column":8},"end":{"line":33,"column":9}},"loc":{"start":{"line":33,"column":40},"end":{"line":35,"column":9}}}},"branchMap":{},"s":{"0":1,"1":1,"2":3,"3":3,"4":2,"5":2,"6":3,"7":3,"8":3,"9":3,"10":9,"11":5,"12":1},"f":{"0":1,"1":3,"2":2,"3":9,"4":5},"b":{}}
,"D:\\Sergio\\repositorios\\nodegroup2\\ProyectoConTesting\\src\\utils\\message-log.util.ts": {"path":"D:\\Sergio\\repositorios\\nodegroup2\\ProyectoConTesting\\src\\utils\\message-log.util.ts","statementMap":{"0":{"start":{"line":3,"column":4},"end":{"line":5,"column":null}},"1":{"start":{"line":4,"column":6},"end":{"line":4,"column":54}},"2":{"start":{"line":1,"column":0},"end":{"line":1,"column":13}}},"fnMap":{"0":{"name":"(anonymous_0)","decl":{"start":{"line":2,"column":2},"end":{"line":2,"column":8}},"loc":{"start":{"line":2,"column":28},"end":{"line":6,"column":3}}}},"branchMap":{"0":{"loc":{"start":{"line":3,"column":4},"end":{"line":5,"column":null}},"type":"if","locations":[{"start":{"line":3,"column":4},"end":{"line":5,"column":null}},{"start":{"line":3,"column":4},"end":{"line":5,"column":null}}]}},"s":{"0":2,"1":0,"2":3},"f":{"0":2},"b":{"0":[0,2]}}
}
