TN:
SF:src\app.ts
FN:14,(anonymous_1)
FNF:1
FNH:0
FNDA:0,(anonymous_1)
DA:1,1
DA:2,1
DA:3,1
DA:4,1
DA:5,1
DA:6,1
DA:7,1
DA:9,1
DA:11,1
DA:12,1
DA:14,1
DA:15,0
DA:18,1
DA:24,1
LF:14
LH:13
BRF:0
BRH:0
end_of_record
TN:
SF:src\server.ts
FN:10,(anonymous_8)
FN:10,(anonymous_9)
FNF:2
FNH:0
FNDA:0,(anonymous_8)
FNDA:0,(anonymous_9)
DA:1,0
DA:2,0
DA:3,0
DA:5,0
DA:7,0
DA:8,0
DA:10,0
DA:11,0
DA:12,0
DA:13,0
DA:15,0
DA:16,0
DA:17,0
DA:18,0
DA:20,0
DA:21,0
DA:22,0
DA:26,0
LF:18
LH:0
BRF:0
BRH:0
end_of_record
TN:
SF:src\controllers\default.controller.ts
FN:7,(anonymous_9)
FN:9,(anonymous_10)
FNF:2
FNH:1
FNDA:1,(anonymous_9)
FNDA:0,(anonymous_10)
DA:1,1
DA:2,1
DA:3,1
DA:7,2
DA:9,1
DA:10,0
DA:11,0
DA:13,1
LF:8
LH:6
BRF:0
BRH:0
end_of_record
TN:
SF:src\controllers\photo.controller.ts
FN:10,(anonymous_9)
FN:13,(anonymous_10)
FN:20,(anonymous_11)
FN:27,(anonymous_13)
FN:34,(anonymous_15)
FN:41,(anonymous_17)
FNF:6
FNH:2
FNDA:1,(anonymous_9)
FNDA:1,(anonymous_10)
FNDA:0,(anonymous_11)
FNDA:0,(anonymous_13)
FNDA:0,(anonymous_15)
FNDA:0,(anonymous_17)
DA:1,1
DA:2,1
DA:4,1
DA:5,1
DA:6,1
DA:7,1
DA:10,2
DA:14,1
DA:16,1
DA:20,1
DA:21,0
DA:23,0
DA:27,1
DA:28,0
DA:30,0
DA:34,1
DA:35,0
DA:37,0
DA:41,1
DA:42,0
DA:44,0
DA:46,1
LF:22
LH:14
BRF:0
BRH:0
end_of_record
TN:
SF:src\controllers\user.controller.ts
FN:10,(anonymous_9)
FN:13,(anonymous_10)
FN:20,(anonymous_11)
FN:26,(anonymous_13)
FN:33,(anonymous_15)
FN:43,(anonymous_17)
FNF:6
FNH:6
FNDA:2,(anonymous_9)
FNDA:3,(anonymous_10)
FNDA:2,(anonymous_11)
FNDA:3,(anonymous_13)
FNDA:1,(anonymous_15)
FNDA:1,(anonymous_17)
DA:1,2
DA:3,2
DA:4,2
DA:5,2
DA:6,2
DA:7,2
DA:10,4
DA:14,3
DA:15,3
DA:16,3
DA:20,2
DA:21,2
DA:22,2
DA:26,2
DA:27,3
DA:28,3
DA:29,3
DA:33,2
DA:34,1
DA:35,1
DA:37,1
DA:39,1
DA:43,2
DA:44,1
DA:46,1
DA:48,1
DA:50,2
LF:27
LH:27
BRF:0
BRH:0
end_of_record
TN:
SF:src\decorators\controller.decorator.ts
FN:1,(anonymous_0)
FN:2,(anonymous_1)
FNF:2
FNH:2
FNDA:4,(anonymous_0)
FNDA:4,(anonymous_1)
DA:1,2
DA:2,4
DA:3,4
DA:5,4
DA:6,4
DA:7,0
LF:6
LH:5
BRDA:1,0,0,0
BRDA:6,1,0,0
BRDA:6,1,1,4
BRF:3
BRH:1
end_of_record
TN:
SF:src\decorators\delete.decorator.ts
FN:3,(anonymous_0)
FN:4,(anonymous_1)
FNF:2
FNH:2
FNDA:3,(anonymous_0)
FNDA:3,(anonymous_1)
DA:3,2
DA:4,3
DA:5,3
DA:6,3
DA:7,0
DA:10,3
DA:14,3
DA:20,3
LF:8
LH:7
BRDA:6,0,0,0
BRDA:6,0,1,3
BRF:2
BRH:1
end_of_record
TN:
SF:src\decorators\get.decorator.ts
FN:3,(anonymous_0)
FN:4,(anonymous_1)
FNF:2
FNH:2
FNDA:4,(anonymous_0)
FNDA:4,(anonymous_1)
DA:3,2
DA:4,4
DA:5,4
DA:6,4
DA:7,4
DA:10,4
DA:14,4
DA:20,4
LF:8
LH:8
BRDA:6,0,0,4
BRDA:6,0,1,0
BRF:2
BRH:1
end_of_record
TN:
SF:src\decorators\post.decorator.ts
FN:3,(anonymous_0)
FN:4,(anonymous_1)
FNF:2
FNH:2
FNDA:3,(anonymous_0)
FNDA:3,(anonymous_1)
DA:3,2
DA:4,3
DA:5,3
DA:6,3
DA:7,0
DA:10,3
DA:14,3
DA:20,3
LF:8
LH:7
BRDA:6,0,0,0
BRDA:6,0,1,3
BRF:2
BRH:1
end_of_record
TN:
SF:src\decorators\put.decorator.ts
FN:3,(anonymous_0)
FN:4,(anonymous_1)
FNF:2
FNH:2
FNDA:3,(anonymous_0)
FNDA:3,(anonymous_1)
DA:3,2
DA:4,3
DA:5,3
DA:6,3
DA:7,0
DA:10,3
DA:14,3
DA:20,3
LF:8
LH:7
BRDA:6,0,0,0
BRDA:6,0,1,3
BRF:2
BRH:1
end_of_record
TN:
SF:src\repositories\photo.repository.ts
FN:5,(anonymous_7)
FN:12,(anonymous_9)
FN:26,(anonymous_11)
FN:35,(anonymous_13)
FNF:4
FNH:0
FNDA:0,(anonymous_7)
FNDA:0,(anonymous_9)
FNDA:0,(anonymous_11)
FNDA:0,(anonymous_13)
DA:1,1
DA:2,1
DA:4,1
DA:6,0
DA:7,0
DA:9,0
DA:13,0
DA:14,0
DA:16,0
DA:17,0
DA:18,0
DA:19,0
DA:21,0
DA:23,0
DA:27,0
DA:28,0
DA:30,0
DA:32,0
DA:36,0
DA:37,0
DA:38,0
DA:40,0
DA:41,0
DA:43,0
DA:45,0
LF:25
LH:3
BRF:0
BRH:0
end_of_record
TN:
SF:src\repositories\user.repository.ts
FN:6,(anonymous_7)
FN:20,(anonymous_9)
FN:27,(anonymous_11)
FN:40,(anonymous_13)
FNF:4
FNH:4
FNDA:3,(anonymous_7)
FNDA:3,(anonymous_9)
FNDA:2,(anonymous_11)
FNDA:2,(anonymous_13)
DA:1,3
DA:3,3
DA:5,3
DA:7,3
DA:8,3
DA:9,2
DA:12,1
DA:13,1
DA:15,1
DA:17,1
DA:21,3
DA:22,3
DA:24,3
DA:28,2
DA:29,2
DA:31,2
DA:32,2
DA:33,2
DA:35,2
DA:37,2
DA:41,2
DA:42,2
DA:44,2
DA:46,2
LF:24
LH:24
BRDA:8,0,0,2
BRDA:8,0,1,1
BRF:2
BRH:2
end_of_record
TN:
SF:src\services\database.service.ts
FN:10,(anonymous_8)
FN:11,(anonymous_10)
FN:24,(anonymous_11)
FN:29,(anonymous_12)
FN:38,(anonymous_13)
FNF:5
FNH:4
FNDA:1,(anonymous_8)
FNDA:1,(anonymous_10)
FNDA:1,(anonymous_11)
FNDA:0,(anonymous_12)
FNDA:1,(anonymous_13)
DA:1,1
DA:2,1
DA:3,1
DA:5,1
DA:7,1
DA:11,1
DA:12,1
DA:23,1
DA:25,1
DA:26,1
DA:27,1
DA:30,0
DA:31,0
DA:35,1
DA:39,1
DA:40,1
LF:16
LH:14
BRDA:39,0,0,1
BRDA:39,0,1,0
BRF:2
BRH:1
end_of_record
TN:
SF:src\services\redis.service.ts
FN:6,(anonymous_8)
FN:10,(anonymous_9)
FN:10,(anonymous_10)
FN:14,(anonymous_11)
FN:21,(anonymous_12)
FN:21,(anonymous_13)
FN:25,(anonymous_14)
FN:25,(anonymous_15)
FN:35,(anonymous_16)
FN:36,(anonymous_18)
FN:41,(anonymous_19)
FN:49,(anonymous_20)
FN:53,(anonymous_21)
FN:64,(anonymous_22)
FNF:14
FNH:6
FNDA:0,(anonymous_8)
FNDA:0,(anonymous_9)
FNDA:0,(anonymous_10)
FNDA:0,(anonymous_11)
FNDA:1,(anonymous_12)
FNDA:1,(anonymous_13)
FNDA:0,(anonymous_14)
FNDA:0,(anonymous_15)
FNDA:1,(anonymous_16)
FNDA:1,(anonymous_18)
FNDA:0,(anonymous_19)
FNDA:1,(anonymous_20)
FNDA:0,(anonymous_21)
FNDA:1,(anonymous_22)
DA:1,3
DA:2,3
DA:6,3
DA:7,0
DA:10,3
DA:11,0
DA:12,0
DA:14,0
DA:15,0
DA:18,0
DA:21,3
DA:22,1
DA:25,3
DA:26,0
DA:30,3
DA:32,3
DA:36,1
DA:37,1
DA:42,0
DA:43,0
DA:48,1
DA:50,1
DA:51,1
DA:54,0
DA:55,0
DA:58,1
DA:61,1
DA:65,1
LF:28
LH:17
BRF:0
BRH:0
end_of_record
TN:
SF:src\services\server.service.ts
FN:10,(anonymous_8)
FN:14,(anonymous_9)
FN:15,(anonymous_11)
FN:20,(anonymous_12)
FN:24,(anonymous_13)
FNF:5
FNH:0
FNDA:0,(anonymous_8)
FNDA:0,(anonymous_9)
FNDA:0,(anonymous_11)
FNDA:0,(anonymous_12)
FNDA:0,(anonymous_13)
DA:2,0
DA:3,0
DA:4,0
DA:6,0
DA:8,0
DA:11,0
DA:15,0
DA:16,0
DA:18,0
DA:21,0
DA:22,0
DA:25,0
DA:26,0
DA:30,0
LF:14
LH:0
BRF:0
BRH:0
end_of_record
TN:
SF:src\utils\attach-routes.util.ts
FN:9,(anonymous_0)
FN:13,(anonymous_1)
FN:15,(anonymous_2)
FN:30,(anonymous_3)
FN:33,(anonymous_4)
FNF:5
FNH:5
FNDA:1,(anonymous_0)
FNDA:3,(anonymous_1)
FNDA:2,(anonymous_2)
FNDA:9,(anonymous_3)
FNDA:5,(anonymous_4)
DA:9,1
DA:13,1
DA:14,3
DA:15,3
DA:16,2
DA:17,2
DA:20,3
DA:22,3
DA:24,3
DA:30,3
DA:31,9
DA:34,5
DA:42,1
LF:13
LH:13
BRF:0
BRH:0
end_of_record
TN:
SF:src\utils\message-log.util.ts
FN:2,(anonymous_0)
FNF:1
FNH:1
FNDA:2,(anonymous_0)
DA:1,3
DA:3,2
DA:4,0
LF:3
LH:2
BRDA:3,0,0,0
BRDA:3,0,1,2
BRF:2
BRH:1
end_of_record
